Loading compiler version 2022.2.1
Loading tbb version 2021.7.1
Loading compiler-rt version 2022.2.1
Loading oclfpga version 2022.2.1
  Load "debugger" to debug DPC++ applications with the gdb-oneapi debugger.
  Load "dpl" for additional DPC++ APIs: https://github.com/oneapi-src/oneDPL
Removing compiler-rt version 2022.2.1
Use `module list` to view any remaining dependent modules.
Loading compiler-rt version 2022.2.1
Loading advisor version 2022.3.1
Loading ccl version 2021.7.1
Loading dal version 2021.7.1
Loading debugger version 2021.7.1
Loading dnnl version 2022.2.1
Loading mkl version 2022.2.1
Loading mpi version 2021.7.1
Removing tbb version 2021.7.1
Use `module list` to view any remaining dependent modules.
Loading tbb version 2021.7.1
Loading vtune version 2022.4.1
Loading itac version 2021.7.1
Loading inspector version 2022.3.1
Loading dpl version 2021.7.2
mpicxx -O3 -Wall -std=c++14 -c vector.c
mpicxx -O3 -Wall -std=c++14 -c main.c
main.c: In function ‘void WriteSoln(int, const vector*, const vector*, const vector*, double, const char*)’:
main.c:221:20: warning: unused variable ‘Vtmp’ [-Wunused-variable]
  221 |       const double Vtmp = vgetp(V,i);
      |                    ^~~~
mpicxx  vector.o main.o -o main.exe
free(): double free detected in tcache 2
free(): double free detected in tcache 2
free(): double free detected in tcache 2
free(): double free detected in tcache 2
free(): double free detected in tcache 2
free(): double free detected in tcache 2
free(): double free detected in tcache 2
free(): double free detected in tcache 2
free(): double free detected in tcache 2
free(): double free detected in tcache 2
free(): double free detected in tcache 2
free(): double free detected in tcache 2
free(): double free detected in tcache 2
free(): double free detected in tcache 2
free(): double free detected in tcache 2
free(): double free detected in tcache 2
