Removing compiler version 2022.2.1
Use `module list` to view any remaining dependent modules.
Removing compiler-rt version 2022.2.1
Use `module list` to view any remaining dependent modules.
Removing advisor version 2022.3.1
Use `module list` to view any remaining dependent modules.
Removing ccl version 2021.7.1
Use `module list` to view any remaining dependent modules.
Removing dal version 2021.7.1
Use `module list` to view any remaining dependent modules.
Removing debugger version 2021.7.1
Use `module list` to view any remaining dependent modules.
Removing dnnl version 2022.2.1
Use `module list` to view any remaining dependent modules.
Removing mkl version 2022.2.1
Use `module list` to view any remaining dependent modules.
Removing mpi version 2021.7.1
Use `module list` to view any remaining dependent modules.
Removing tbb version 2021.7.1
Use `module list` to view any remaining dependent modules.
Removing vtune version 2022.4.1
Use `module list` to view any remaining dependent modules.
Removing itac version 2021.7.1
Use `module list` to view any remaining dependent modules.
Removing inspector version 2022.3.1
Use `module list` to view any remaining dependent modules.
Removing dpl version 2021.7.2
Use `module list` to view any remaining dependent modules.
Removing oclfpga version 2022.2.1
Use `module list` to view any remaining dependent modules.
mpicc -O2 -Wall -o main mpi_mc_pi.c -lm 
mpi_mc_pi.c: In function ‘main’:
mpi_mc_pi.c:66:105: warning: ‘global_pi_value’ may be used uninitialized in this function [-Wmaybe-uninitialized]
   66 |             printf("%d,%.8f,%.8f,%.8f\n", i, elapsed_time, global_pi_value / size, fabs(global_pi_value / size - ACTUAL_PI));
      |                                                                                         ~~~~~~~~~~~~~~~~^~~~~~
/var/spool/slurmd/job5177814/slurm_script: line 22: /home/acharyab: Is a directory
